<?xml version="1.0" encoding="UTF-8"?>
<testng-results ignored="0" total="2" passed="2" failed="0" skipped="0">
  <reporter-output>
  </reporter-output>
  <suite started-at="2021-11-03T13:25:33 IST" name="Default suite" finished-at="2021-11-03T13:25:33 IST" duration-ms="59">
    <groups>
    </groups>
    <test started-at="2021-11-03T13:25:33 IST" name="Default test" finished-at="2021-11-03T13:25:33 IST" duration-ms="59">
      <class name="BdynamicTestcases.TestNgAnnotation">
        <test-method is-config="true" signature="beforeSuite()[pri:0, instance:BdynamicTestcases.TestNgAnnotation@932bc4a]" started-at="2021-11-03T13:25:33 IST" name="beforeSuite" finished-at="2021-11-03T13:25:33 IST" duration-ms="11" status="PASS">
          <reporter-output>
          </reporter-output>
        </test-method> <!-- beforeSuite -->
        <test-method is-config="true" signature="beforeTest()[pri:0, instance:BdynamicTestcases.TestNgAnnotation@932bc4a]" started-at="2021-11-03T13:25:33 IST" name="beforeTest" finished-at="2021-11-03T13:25:33 IST" duration-ms="0" status="PASS">
          <reporter-output>
          </reporter-output>
        </test-method> <!-- beforeTest -->
        <test-method is-config="true" signature="beforeClass()[pri:0, instance:BdynamicTestcases.TestNgAnnotation@932bc4a]" started-at="2021-11-03T13:25:33 IST" name="beforeClass" finished-at="2021-11-03T13:25:33 IST" duration-ms="1" status="PASS">
          <reporter-output>
          </reporter-output>
        </test-method> <!-- beforeClass -->
        <test-method is-config="true" signature="beforeMethod()[pri:0, instance:BdynamicTestcases.TestNgAnnotation@932bc4a]" started-at="2021-11-03T13:25:33 IST" name="beforeMethod" finished-at="2021-11-03T13:25:33 IST" duration-ms="0" status="PASS">
          <reporter-output>
          </reporter-output>
        </test-method> <!-- beforeMethod -->
        <test-method signature="testcase1()[pri:0, instance:BdynamicTestcases.TestNgAnnotation@932bc4a]" started-at="2021-11-03T13:25:33 IST" name="testcase1" finished-at="2021-11-03T13:25:33 IST" duration-ms="8" status="PASS">
          <reporter-output>
          </reporter-output>
        </test-method> <!-- testcase1 -->
        <test-method is-config="true" signature="afterMethod()[pri:0, instance:BdynamicTestcases.TestNgAnnotation@932bc4a]" started-at="2021-11-03T13:25:33 IST" name="afterMethod" finished-at="2021-11-03T13:25:33 IST" duration-ms="1" status="PASS">
          <reporter-output>
          </reporter-output>
        </test-method> <!-- afterMethod -->
        <test-method is-config="true" signature="beforeMethod()[pri:0, instance:BdynamicTestcases.TestNgAnnotation@932bc4a]" started-at="2021-11-03T13:25:33 IST" name="beforeMethod" finished-at="2021-11-03T13:25:33 IST" duration-ms="0" status="PASS">
          <reporter-output>
          </reporter-output>
        </test-method> <!-- beforeMethod -->
        <test-method signature="testcase2()[pri:0, instance:BdynamicTestcases.TestNgAnnotation@932bc4a]" started-at="2021-11-03T13:25:33 IST" name="testcase2" finished-at="2021-11-03T13:25:33 IST" duration-ms="2" status="PASS">
          <reporter-output>
          </reporter-output>
        </test-method> <!-- testcase2 -->
        <test-method is-config="true" signature="afterMethod()[pri:0, instance:BdynamicTestcases.TestNgAnnotation@932bc4a]" started-at="2021-11-03T13:25:33 IST" name="afterMethod" finished-at="2021-11-03T13:25:33 IST" duration-ms="0" status="PASS">
          <reporter-output>
          </reporter-output>
        </test-method> <!-- afterMethod -->
        <test-method is-config="true" signature="afterClass()[pri:0, instance:BdynamicTestcases.TestNgAnnotation@932bc4a]" started-at="2021-11-03T13:25:33 IST" name="afterClass" finished-at="2021-11-03T13:25:33 IST" duration-ms="0" status="PASS">
          <reporter-output>
          </reporter-output>
        </test-method> <!-- afterClass -->
        <test-method is-config="true" signature="afterTest()[pri:0, instance:BdynamicTestcases.TestNgAnnotation@932bc4a]" started-at="2021-11-03T13:25:33 IST" name="afterTest" finished-at="2021-11-03T13:25:33 IST" duration-ms="0" status="PASS">
          <reporter-output>
          </reporter-output>
        </test-method> <!-- afterTest -->
        <test-method is-config="true" signature="afterSuite()[pri:0, instance:BdynamicTestcases.TestNgAnnotation@932bc4a]" started-at="2021-11-03T13:25:33 IST" name="afterSuite" finished-at="2021-11-03T13:25:33 IST" duration-ms="1" status="PASS">
          <reporter-output>
          </reporter-output>
        </test-method> <!-- afterSuite -->
      </class> <!-- BdynamicTestcases.TestNgAnnotation -->
    </test> <!-- Default test -->
  </suite> <!-- Default suite -->
</testng-results>
